<?xml version="1.0" encoding="UTF-8"?>
<testng-results ignored="0" total="1" passed="1" failed="0" skipped="0">
  <reporter-output>
  </reporter-output>
  <suite started-at="2022-12-19T20:57:10 IST" name="inetBankingv1" finished-at="2022-12-19T20:57:19 IST" duration-ms="9331">
    <groups>
    </groups>
    <test started-at="2022-12-19T20:57:10 IST" name="BankingApp Test" finished-at="2022-12-19T20:57:19 IST" duration-ms="9331">
      <class name="com.inetbanking.testCases.TC_LoginTest_001">
        <test-method is-config="true" signature="setup(java.lang.String)[pri:0, instance:com.inetbanking.testCases.TC_LoginTest_001@5a63f509]" started-at="2022-12-19T20:57:10 IST" name="setup" finished-at="2022-12-19T20:57:17 IST" duration-ms="6679" status="PASS">
          <params>
            <param index="0">
              <value>
                <![CDATA[chrome]]>
              </value>
            </param>
          </params>
          <reporter-output>
          </reporter-output>
        </test-method> <!-- setup -->
        <test-method signature="loginTest()[pri:0, instance:com.inetbanking.testCases.TC_LoginTest_001@5a63f509]" started-at="2022-12-19T20:57:17 IST" name="loginTest" finished-at="2022-12-19T20:57:19 IST" duration-ms="1777" status="PASS">
          <reporter-output>
          </reporter-output>
        </test-method> <!-- loginTest -->
        <test-method is-config="true" signature="tearDown()[pri:0, instance:com.inetbanking.testCases.TC_LoginTest_001@5a63f509]" started-at="2022-12-19T20:57:19 IST" name="tearDown" finished-at="2022-12-19T20:57:19 IST" duration-ms="321" status="PASS">
          <reporter-output>
          </reporter-output>
        </test-method> <!-- tearDown -->
      </class> <!-- com.inetbanking.testCases.TC_LoginTest_001 -->
    </test> <!-- BankingApp Test -->
  </suite> <!-- inetBankingv1 -->
</testng-results>
